[28/Dec/2020:06:51:09] (I): WordPress Instance Info:
[28/Dec/2020:06:51:09] (I): Home URL : https://kandangkondang.id
[28/Dec/2020:06:51:09] (I): Site URL : https://kandangkondang.id
[28/Dec/2020:06:51:09] (I): WordPress Version : 5.6
[28/Dec/2020:06:51:09] (I): Onboarding Version : 1.1.2
[28/Dec/2020:06:51:09] (I): Multisite : No
[28/Dec/2020:06:51:09] (I): Server Info : LiteSpeed
[28/Dec/2020:06:51:09] (I): PHP Version : 7.2.34
[28/Dec/2020:06:51:09] (I): HTTPS : Yes
[28/Dec/2020:06:51:09] (I): PHP Max Execution Time : 30
[28/Dec/2020:06:51:09] (I): PHP Max Input Vars : 1000
[28/Dec/2020:06:51:09] (I): Max Upload Size : 67108864
[28/Dec/2020:06:51:09] (I): Plugins:
[28/Dec/2020:06:51:09] (I): [PLUGIN] Elementor : v3.0.15 (Elementor.com)
[28/Dec/2020:06:51:09] (I): [PLUGIN] Loginizer : v1.6.5 (Softaculous)
[28/Dec/2020:06:51:09] (I): [PLUGIN] Templates Patterns Collection : v1.1.2 (ThemeIsle)
[28/Dec/2020:06:51:09] (I): [PLUGIN] Orbit Fox Companion : v2.10.3 (Themeisle)
[28/Dec/2020:06:51:09] (I): [PLUGIN] WooCommerce : v4.8.0 (Automattic)
[28/Dec/2020:06:51:09] (P): Saving remote XML
[28/Dec/2020:06:51:10] (S): Saved remote XML at path /home/kandangkondang/public_html/wp-content/uploads/themeisle-demo-import.xml.
[28/Dec/2020:06:51:10] (P): Starting content import...
[28/Dec/2020:06:51:10] (S): Import started.
[28/Dec/2020:06:51:10] (S): Parsing XML file.
[28/Dec/2020:06:51:10] (P): Starting parsing file:/home/kandangkondang/public_html/wp-content/uploads/themeisle-demo-import.xml
[28/Dec/2020:06:51:10] (P): Using WXR_Parser_SimpleXML...
[28/Dec/2020:06:51:10] (S): Parsed XML
[28/Dec/2020:06:51:10] (P): Processing categories...
[28/Dec/2020:06:51:10] (S): Processed categories.
[28/Dec/2020:06:51:10] (P): Processing tags...
[28/Dec/2020:06:51:10] (S): No tags to process.
[28/Dec/2020:06:51:10] (P): Processing terms...
[28/Dec/2020:06:51:10] (S): Processed terms.
[28/Dec/2020:06:51:10] (P): Processing posts...
[28/Dec/2020:06:51:10] (P): Processing attachment: https://s33834.pcdn.co/perfume-shop/wp-content/uploads/sites/491/woocommerce-placeholder.png...
[28/Dec/2020:06:51:10] (P): Fetching attachment from url: https://s33834.pcdn.co/perfume-shop/wp-content/uploads/sites/491/woocommerce-placeholder.png...
[28/Dec/2020:06:51:10] (S): Fetched remote attachment.
[28/Dec/2020:06:51:10] (P): Inserting attachment...
[28/Dec/2020:06:51:10] (S): Attachment inserted
[28/Dec/2020:06:51:10] (S): Processed attachment.
[28/Dec/2020:06:51:10] (P): Processing attachment: https://s33834.pcdn.co/perfume-shop/wp-content/uploads/sites/491/2020/04/neve-perfume-shop-31.jpg...
[28/Dec/2020:06:51:10] (P): Fetching attachment from url: https://s33834.pcdn.co/perfume-shop/wp-content/uploads/sites/491/2020/04/neve-perfume-shop-31.jpg...
[28/Dec/2020:06:51:10] (S): Fetched remote attachment.
[28/Dec/2020:06:51:10] (P): Inserting attachment...
[28/Dec/2020:06:51:10] (S): Attachment inserted
[28/Dec/2020:06:51:10] (S): Processed attachment.
[28/Dec/2020:06:51:10] (P): Processing attachment: https://s33834.pcdn.co/perfume-shop/wp-content/uploads/sites/491/2020/04/neve-perfume-shop-25.jpg...
[28/Dec/2020:06:51:10] (P): Fetching attachment from url: https://s33834.pcdn.co/perfume-shop/wp-content/uploads/sites/491/2020/04/neve-perfume-shop-25.jpg...
[28/Dec/2020:06:51:10] (S): Fetched remote attachment.
[28/Dec/2020:06:51:10] (P): Inserting attachment...
[28/Dec/2020:06:51:10] (S): Attachment inserted
[28/Dec/2020:06:51:10] (S): Processed attachment.
[28/Dec/2020:06:51:10] (P): Processing attachment: https://s33834.pcdn.co/perfume-shop/wp-content/uploads/sites/491/2020/04/neve-perfume-shop-19.jpg...
[28/Dec/2020:06:51:10] (P): Fetching attachment from url: https://s33834.pcdn.co/perfume-shop/wp-content/uploads/sites/491/2020/04/neve-perfume-shop-19.jpg...
[28/Dec/2020:06:51:10] (S): Fetched remote attachment.
[28/Dec/2020:06:51:10] (P): Inserting attachment...
[28/Dec/2020:06:51:10] (S): Attachment inserted
[28/Dec/2020:06:51:10] (S): Processed attachment.
[28/Dec/2020:06:51:10] (P): Processing attachment: https://s33834.pcdn.co/perfume-shop/wp-content/uploads/sites/491/2020/04/neve-perfume-shop-18.jpg...
[28/Dec/2020:06:51:10] (P): Fetching attachment from url: https://s33834.pcdn.co/perfume-shop/wp-content/uploads/sites/491/2020/04/neve-perfume-shop-18.jpg...
[28/Dec/2020:06:51:10] (S): Fetched remote attachment.
[28/Dec/2020:06:51:10] (P): Inserting attachment...
[28/Dec/2020:06:51:10] (S): Attachment inserted
[28/Dec/2020:06:51:10] (S): Processed attachment.
[28/Dec/2020:06:51:10] (P): Processing attachment: https://s33834.pcdn.co/perfume-shop/wp-content/uploads/sites/491/2020/04/neve-perfume-shop-24.jpg...
[28/Dec/2020:06:51:10] (P): Fetching attachment from url: https://s33834.pcdn.co/perfume-shop/wp-content/uploads/sites/491/2020/04/neve-perfume-shop-24.jpg...
[28/Dec/2020:06:51:10] (S): Fetched remote attachment.
[28/Dec/2020:06:51:10] (P): Inserting attachment...
[28/Dec/2020:06:51:10] (S): Attachment inserted
[28/Dec/2020:06:51:10] (S): Processed attachment.
[28/Dec/2020:06:51:10] (P): Processing attachment: https://s33834.pcdn.co/perfume-shop/wp-content/uploads/sites/491/2020/04/neve-perfume-shop-30.jpg...
[28/Dec/2020:06:51:10] (P): Fetching attachment from url: https://s33834.pcdn.co/perfume-shop/wp-content/uploads/sites/491/2020/04/neve-perfume-shop-30.jpg...
[28/Dec/2020:06:51:10] (S): Fetched remote attachment.
[28/Dec/2020:06:51:10] (P): Inserting attachment...
[28/Dec/2020:06:51:10] (S): Attachment inserted
[28/Dec/2020:06:51:10] (S): Processed attachment.
[28/Dec/2020:06:51:10] (P): Processing attachment: https://s33834.pcdn.co/perfume-shop/wp-content/uploads/sites/491/2020/04/neve-perfume-shop-26.jpg...
[28/Dec/2020:06:51:10] (P): Fetching attachment from url: https://s33834.pcdn.co/perfume-shop/wp-content/uploads/sites/491/2020/04/neve-perfume-shop-26.jpg...
[28/Dec/2020:06:51:11] (S): Fetched remote attachment.
[28/Dec/2020:06:51:11] (P): Inserting attachment...
[28/Dec/2020:06:51:11] (S): Attachment inserted
[28/Dec/2020:06:51:11] (S): Processed attachment.
[28/Dec/2020:06:51:11] (P): Processing attachment: https://s33834.pcdn.co/perfume-shop/wp-content/uploads/sites/491/2020/04/neve-perfume-shop-32.jpg...
[28/Dec/2020:06:51:11] (P): Fetching attachment from url: https://s33834.pcdn.co/perfume-shop/wp-content/uploads/sites/491/2020/04/neve-perfume-shop-32.jpg...
[28/Dec/2020:06:51:11] (S): Fetched remote attachment.
[28/Dec/2020:06:51:11] (P): Inserting attachment...
[28/Dec/2020:06:51:11] (S): Attachment inserted
[28/Dec/2020:06:51:11] (S): Processed attachment.
[28/Dec/2020:06:51:11] (P): Processing attachment: https://s33834.pcdn.co/perfume-shop/wp-content/uploads/sites/491/2020/04/neve-perfume-shop-27.jpg...
[28/Dec/2020:06:51:11] (P): Fetching attachment from url: https://s33834.pcdn.co/perfume-shop/wp-content/uploads/sites/491/2020/04/neve-perfume-shop-27.jpg...
[28/Dec/2020:06:51:11] (S): Fetched remote attachment.
[28/Dec/2020:06:51:11] (P): Inserting attachment...
[28/Dec/2020:06:51:11] (S): Attachment inserted
[28/Dec/2020:06:51:11] (S): Processed attachment.
[28/Dec/2020:06:51:11] (P): Processing attachment: https://s33834.pcdn.co/perfume-shop/wp-content/uploads/sites/491/2020/04/neve-perfume-shop-23.jpg...
[28/Dec/2020:06:51:11] (P): Fetching attachment from url: https://s33834.pcdn.co/perfume-shop/wp-content/uploads/sites/491/2020/04/neve-perfume-shop-23.jpg...
[28/Dec/2020:06:51:11] (S): Fetched remote attachment.
[28/Dec/2020:06:51:11] (P): Inserting attachment...
[28/Dec/2020:06:51:11] (S): Attachment inserted
[28/Dec/2020:06:51:11] (S): Processed attachment.
[28/Dec/2020:06:51:11] (P): Processing attachment: https://s33834.pcdn.co/perfume-shop/wp-content/uploads/sites/491/2020/04/neve-perfume-shop-22.jpg...
[28/Dec/2020:06:51:11] (P): Fetching attachment from url: https://s33834.pcdn.co/perfume-shop/wp-content/uploads/sites/491/2020/04/neve-perfume-shop-22.jpg...
[28/Dec/2020:06:51:11] (S): Fetched remote attachment.
[28/Dec/2020:06:51:11] (P): Inserting attachment...
[28/Dec/2020:06:51:11] (S): Attachment inserted
[28/Dec/2020:06:51:11] (S): Processed attachment.
[28/Dec/2020:06:51:11] (P): Processing attachment: https://s33834.pcdn.co/perfume-shop/wp-content/uploads/sites/491/2020/04/neve-perfume-shop-08.jpg...
[28/Dec/2020:06:51:11] (P): Fetching attachment from url: https://s33834.pcdn.co/perfume-shop/wp-content/uploads/sites/491/2020/04/neve-perfume-shop-08.jpg...
[28/Dec/2020:06:51:12] (S): Fetched remote attachment.
[28/Dec/2020:06:51:12] (P): Inserting attachment...
[28/Dec/2020:06:51:12] (S): Attachment inserted
[28/Dec/2020:06:51:12] (S): Processed attachment.
[28/Dec/2020:06:51:12] (P): Processing attachment: https://s33834.pcdn.co/perfume-shop/wp-content/uploads/sites/491/2020/04/neve-perfume-shop-20.jpg...
[28/Dec/2020:06:51:12] (P): Fetching attachment from url: https://s33834.pcdn.co/perfume-shop/wp-content/uploads/sites/491/2020/04/neve-perfume-shop-20.jpg...
[28/Dec/2020:06:51:12] (S): Fetched remote attachment.
[28/Dec/2020:06:51:12] (P): Inserting attachment...
[28/Dec/2020:06:51:12] (S): Attachment inserted
[28/Dec/2020:06:51:12] (S): Processed attachment.
[28/Dec/2020:06:51:12] (P): Processing attachment: https://s33834.pcdn.co/perfume-shop/wp-content/uploads/sites/491/2020/04/neve-perfume-shop-21.jpg...
[28/Dec/2020:06:51:12] (P): Fetching attachment from url: https://s33834.pcdn.co/perfume-shop/wp-content/uploads/sites/491/2020/04/neve-perfume-shop-21.jpg...
[28/Dec/2020:06:51:12] (S): Fetched remote attachment.
[28/Dec/2020:06:51:12] (P): Inserting attachment...
[28/Dec/2020:06:51:12] (S): Attachment inserted
[28/Dec/2020:06:51:12] (S): Processed attachment.
[28/Dec/2020:06:51:12] (P): Processing attachment: https://s33834.pcdn.co/perfume-shop/wp-content/uploads/sites/491/2020/04/neve-perfume-shop-09.jpg...
[28/Dec/2020:06:51:12] (P): Fetching attachment from url: https://s33834.pcdn.co/perfume-shop/wp-content/uploads/sites/491/2020/04/neve-perfume-shop-09.jpg...
[28/Dec/2020:06:51:12] (S): Fetched remote attachment.
[28/Dec/2020:06:51:12] (P): Inserting attachment...
[28/Dec/2020:06:51:12] (S): Attachment inserted
[28/Dec/2020:06:51:12] (S): Processed attachment.
[28/Dec/2020:06:51:12] (P): Processing attachment: https://s33834.pcdn.co/perfume-shop/wp-content/uploads/sites/491/2020/04/neve-perfume-shop-10.jpg...
[28/Dec/2020:06:51:12] (P): Fetching attachment from url: https://s33834.pcdn.co/perfume-shop/wp-content/uploads/sites/491/2020/04/neve-perfume-shop-10.jpg...
[28/Dec/2020:06:51:13] (S): Fetched remote attachment.
[28/Dec/2020:06:51:13] (P): Inserting attachment...
[28/Dec/2020:06:51:13] (S): Attachment inserted
[28/Dec/2020:06:51:13] (S): Processed attachment.
[28/Dec/2020:06:51:13] (P): Processing attachment: https://s33834.pcdn.co/perfume-shop/wp-content/uploads/sites/491/2020/04/neve-perfume-shop-04.jpg...
[28/Dec/2020:06:51:13] (P): Fetching attachment from url: https://s33834.pcdn.co/perfume-shop/wp-content/uploads/sites/491/2020/04/neve-perfume-shop-04.jpg...
[28/Dec/2020:06:51:13] (S): Fetched remote attachment.
[28/Dec/2020:06:51:13] (P): Inserting attachment...
[28/Dec/2020:06:51:13] (S): Attachment inserted
[28/Dec/2020:06:51:13] (S): Processed attachment.
[28/Dec/2020:06:51:13] (P): Processing attachment: https://s33834.pcdn.co/perfume-shop/wp-content/uploads/sites/491/2020/04/neve-perfume-shop-05.jpg...
[28/Dec/2020:06:51:13] (P): Fetching attachment from url: https://s33834.pcdn.co/perfume-shop/wp-content/uploads/sites/491/2020/04/neve-perfume-shop-05.jpg...
[28/Dec/2020:06:51:13] (S): Fetched remote attachment.
[28/Dec/2020:06:51:13] (P): Inserting attachment...
[28/Dec/2020:06:51:13] (S): Attachment inserted
[28/Dec/2020:06:51:13] (S): Processed attachment.
[28/Dec/2020:06:51:13] (P): Processing attachment: https://s33834.pcdn.co/perfume-shop/wp-content/uploads/sites/491/2020/04/neve-perfume-shop-11.jpg...
[28/Dec/2020:06:51:13] (P): Fetching attachment from url: https://s33834.pcdn.co/perfume-shop/wp-content/uploads/sites/491/2020/04/neve-perfume-shop-11.jpg...
[28/Dec/2020:06:51:13] (S): Fetched remote attachment.
[28/Dec/2020:06:51:13] (P): Inserting attachment...
[28/Dec/2020:06:51:13] (S): Attachment inserted
[28/Dec/2020:06:51:13] (S): Processed attachment.
[28/Dec/2020:06:51:13] (P): Processing single menu item ' '...
[28/Dec/2020:06:51:13] (P): Processing single menu item ' '...
[28/Dec/2020:06:51:13] (P): Processing attachment: https://s33834.pcdn.co/perfume-shop/wp-content/uploads/sites/491/2020/04/neve-perfume-shop-07.jpg...
[28/Dec/2020:06:51:13] (P): Fetching attachment from url: https://s33834.pcdn.co/perfume-shop/wp-content/uploads/sites/491/2020/04/neve-perfume-shop-07.jpg...
[28/Dec/2020:06:51:13] (S): Fetched remote attachment.
[28/Dec/2020:06:51:13] (P): Inserting attachment...
[28/Dec/2020:06:51:13] (S): Attachment inserted
[28/Dec/2020:06:51:13] (S): Processed attachment.
[28/Dec/2020:06:51:13] (P): Processing attachment: https://s33834.pcdn.co/perfume-shop/wp-content/uploads/sites/491/2020/04/neve-perfume-shop-13.jpg...
[28/Dec/2020:06:51:13] (P): Fetching attachment from url: https://s33834.pcdn.co/perfume-shop/wp-content/uploads/sites/491/2020/04/neve-perfume-shop-13.jpg...
[28/Dec/2020:06:51:13] (S): Fetched remote attachment.
[28/Dec/2020:06:51:13] (P): Inserting attachment...
[28/Dec/2020:06:51:13] (S): Attachment inserted
[28/Dec/2020:06:51:13] (S): Processed attachment.
[28/Dec/2020:06:51:13] (P): Processing attachment: https://s33834.pcdn.co/perfume-shop/wp-content/uploads/sites/491/2020/04/neve-perfume-shop-12.jpg...
[28/Dec/2020:06:51:13] (P): Fetching attachment from url: https://s33834.pcdn.co/perfume-shop/wp-content/uploads/sites/491/2020/04/neve-perfume-shop-12.jpg...
[28/Dec/2020:06:51:13] (S): Fetched remote attachment.
[28/Dec/2020:06:51:13] (P): Inserting attachment...
[28/Dec/2020:06:51:13] (S): Attachment inserted
[28/Dec/2020:06:51:13] (S): Processed attachment.
[28/Dec/2020:06:51:13] (P): Processing attachment: https://s33834.pcdn.co/perfume-shop/wp-content/uploads/sites/491/2020/04/neve-perfume-shop-06.png...
[28/Dec/2020:06:51:13] (P): Fetching attachment from url: https://s33834.pcdn.co/perfume-shop/wp-content/uploads/sites/491/2020/04/neve-perfume-shop-06.png...
[28/Dec/2020:06:51:13] (S): Fetched remote attachment.
[28/Dec/2020:06:51:13] (P): Inserting attachment...
[28/Dec/2020:06:51:13] (S): Attachment inserted
[28/Dec/2020:06:51:13] (S): Processed attachment.
[28/Dec/2020:06:51:13] (P): Processing attachment: https://s33834.pcdn.co/perfume-shop/wp-content/uploads/sites/491/2020/04/neve-perfume-shop-16.png...
[28/Dec/2020:06:51:13] (P): Fetching attachment from url: https://s33834.pcdn.co/perfume-shop/wp-content/uploads/sites/491/2020/04/neve-perfume-shop-16.png...
[28/Dec/2020:06:51:13] (S): Fetched remote attachment.
[28/Dec/2020:06:51:13] (P): Inserting attachment...
[28/Dec/2020:06:51:13] (S): Attachment inserted
[28/Dec/2020:06:51:13] (S): Processed attachment.
[28/Dec/2020:06:51:13] (P): Processing attachment: https://s33834.pcdn.co/perfume-shop/wp-content/uploads/sites/491/2020/04/neve-perfume-shop-02.jpg...
[28/Dec/2020:06:51:13] (P): Fetching attachment from url: https://s33834.pcdn.co/perfume-shop/wp-content/uploads/sites/491/2020/04/neve-perfume-shop-02.jpg...
[28/Dec/2020:06:51:13] (S): Fetched remote attachment.
[28/Dec/2020:06:51:13] (P): Inserting attachment...
[28/Dec/2020:06:51:13] (S): Attachment inserted
[28/Dec/2020:06:51:13] (S): Processed attachment.
[28/Dec/2020:06:51:13] (P): Processing attachment: https://s33834.pcdn.co/perfume-shop/wp-content/uploads/sites/491/2020/04/neve-perfume-shop-03.jpg...
[28/Dec/2020:06:51:13] (P): Fetching attachment from url: https://s33834.pcdn.co/perfume-shop/wp-content/uploads/sites/491/2020/04/neve-perfume-shop-03.jpg...
[28/Dec/2020:06:51:13] (S): Fetched remote attachment.
[28/Dec/2020:06:51:13] (P): Inserting attachment...
[28/Dec/2020:06:51:13] (S): Attachment inserted
[28/Dec/2020:06:51:13] (S): Processed attachment.
[28/Dec/2020:06:51:13] (P): Processing attachment: https://s33834.pcdn.co/perfume-shop/wp-content/uploads/sites/491/2020/04/neve-perfume-shop-17.png...
[28/Dec/2020:06:51:13] (P): Fetching attachment from url: https://s33834.pcdn.co/perfume-shop/wp-content/uploads/sites/491/2020/04/neve-perfume-shop-17.png...
[28/Dec/2020:06:51:13] (S): Fetched remote attachment.
[28/Dec/2020:06:51:13] (P): Inserting attachment...
[28/Dec/2020:06:51:13] (S): Attachment inserted
[28/Dec/2020:06:51:13] (S): Processed attachment.
[28/Dec/2020:06:51:13] (P): Processing attachment: https://s33834.pcdn.co/perfume-shop/wp-content/uploads/sites/491/2020/04/neve-perfume-shop-29.jpg...
[28/Dec/2020:06:51:13] (P): Fetching attachment from url: https://s33834.pcdn.co/perfume-shop/wp-content/uploads/sites/491/2020/04/neve-perfume-shop-29.jpg...
[28/Dec/2020:06:51:13] (S): Fetched remote attachment.
[28/Dec/2020:06:51:13] (P): Inserting attachment...
[28/Dec/2020:06:51:13] (S): Attachment inserted
[28/Dec/2020:06:51:13] (S): Processed attachment.
[28/Dec/2020:06:51:13] (P): Processing attachment: https://s33834.pcdn.co/perfume-shop/wp-content/uploads/sites/491/2020/04/neve-perfume-shop-15.jpg...
[28/Dec/2020:06:51:13] (P): Fetching attachment from url: https://s33834.pcdn.co/perfume-shop/wp-content/uploads/sites/491/2020/04/neve-perfume-shop-15.jpg...
[28/Dec/2020:06:51:13] (S): Fetched remote attachment.
[28/Dec/2020:06:51:13] (P): Inserting attachment...
[28/Dec/2020:06:51:13] (S): Attachment inserted
[28/Dec/2020:06:51:13] (S): Processed attachment.
[28/Dec/2020:06:51:13] (P): Processing attachment: https://s33834.pcdn.co/perfume-shop/wp-content/uploads/sites/491/2020/04/neve-perfume-shop-01.jpg...
[28/Dec/2020:06:51:13] (P): Fetching attachment from url: https://s33834.pcdn.co/perfume-shop/wp-content/uploads/sites/491/2020/04/neve-perfume-shop-01.jpg...
[28/Dec/2020:06:51:13] (S): Fetched remote attachment.
[28/Dec/2020:06:51:13] (P): Inserting attachment...
[28/Dec/2020:06:51:13] (S): Attachment inserted
[28/Dec/2020:06:51:13] (S): Processed attachment.
[28/Dec/2020:06:51:13] (P): Processing attachment: https://s33834.pcdn.co/perfume-shop/wp-content/uploads/sites/491/2020/04/neve-perfume-shop-14.jpg...
[28/Dec/2020:06:51:13] (P): Fetching attachment from url: https://s33834.pcdn.co/perfume-shop/wp-content/uploads/sites/491/2020/04/neve-perfume-shop-14.jpg...
[28/Dec/2020:06:51:14] (S): Fetched remote attachment.
[28/Dec/2020:06:51:14] (P): Inserting attachment...
[28/Dec/2020:06:51:14] (S): Attachment inserted
[28/Dec/2020:06:51:14] (S): Processed attachment.
[28/Dec/2020:06:51:14] (P): Processing attachment: https://s33834.pcdn.co/perfume-shop/wp-content/uploads/sites/491/2020/04/neve-perfume-shop-28.jpg...
[28/Dec/2020:06:51:14] (P): Fetching attachment from url: https://s33834.pcdn.co/perfume-shop/wp-content/uploads/sites/491/2020/04/neve-perfume-shop-28.jpg...
[28/Dec/2020:06:51:14] (S): Fetched remote attachment.
[28/Dec/2020:06:51:14] (P): Inserting attachment...
[28/Dec/2020:06:51:14] (S): Attachment inserted
[28/Dec/2020:06:51:14] (S): Processed attachment.
[28/Dec/2020:06:51:14] (P): Processing attachment: https://s33834.pcdn.co/perfume-shop/wp-content/uploads/sites/491/2020/04/neve-perfume-logo-1.png...
[28/Dec/2020:06:51:14] (P): Fetching attachment from url: https://s33834.pcdn.co/perfume-shop/wp-content/uploads/sites/491/2020/04/neve-perfume-logo-1.png...
[28/Dec/2020:06:51:14] (S): Fetched remote attachment.
[28/Dec/2020:06:51:14] (P): Inserting attachment...
[28/Dec/2020:06:51:14] (S): Attachment inserted
[28/Dec/2020:06:51:14] (S): Processed attachment.
[28/Dec/2020:06:51:14] (P): Processing attachment: https://s33834.pcdn.co/perfume-shop/wp-content/uploads/sites/491/2020/04/neve-perfume-icon.png...
[28/Dec/2020:06:51:14] (P): Fetching attachment from url: https://s33834.pcdn.co/perfume-shop/wp-content/uploads/sites/491/2020/04/neve-perfume-icon.png...
[28/Dec/2020:06:51:14] (S): Fetched remote attachment.
[28/Dec/2020:06:51:14] (P): Inserting attachment...
[28/Dec/2020:06:51:14] (S): Attachment inserted
[28/Dec/2020:06:51:14] (S): Processed attachment.
[28/Dec/2020:06:51:14] (P): Processing attachment: https://s33834.pcdn.co/perfume-shop/wp-content/uploads/sites/491/2020/04/cropped-neve-perfume-icon.png...
[28/Dec/2020:06:51:14] (P): Fetching attachment from url: https://s33834.pcdn.co/perfume-shop/wp-content/uploads/sites/491/2020/04/cropped-neve-perfume-icon.png...
[28/Dec/2020:06:51:15] (S): Fetched remote attachment.
[28/Dec/2020:06:51:15] (P): Inserting attachment...
[28/Dec/2020:06:51:15] (S): Attachment inserted
[28/Dec/2020:06:51:15] (S): Processed attachment.
[28/Dec/2020:06:51:15] (P): Inserting custom_css: neve .
[28/Dec/2020:06:51:15] (S): Done inserting custom_css: neve .
[28/Dec/2020:06:51:15] (P): Inserting page: Blog .
[28/Dec/2020:06:51:15] (S): Done inserting page: Blog .
[28/Dec/2020:06:51:15] (P): Inserting page: Home .
[28/Dec/2020:06:51:15] (S): Done inserting page: Home .
[28/Dec/2020:06:51:15] (P): Filtering elementor meta...
[28/Dec/2020:06:51:15] (S): Filtered elementor meta.
[28/Dec/2020:06:51:15] (P): Inserting page: Shop .
[28/Dec/2020:06:51:15] (S): Done inserting page: Shop .
[28/Dec/2020:06:51:15] (P): Inserting page: Cart .
[28/Dec/2020:06:51:15] (S): Done inserting page: Cart .
[28/Dec/2020:06:51:15] (P): Inserting page: Checkout .
[28/Dec/2020:06:51:15] (S): Done inserting page: Checkout .
[28/Dec/2020:06:51:15] (P): Inserting page: My account .
[28/Dec/2020:06:51:15] (S): Done inserting page: My account .
[28/Dec/2020:06:51:15] (P): Inserting page: Contact .
[28/Dec/2020:06:51:15] (S): Done inserting page: Contact .
[28/Dec/2020:06:51:15] (P): Filtering elementor meta...
[28/Dec/2020:06:51:15] (S): Filtered elementor meta.
[28/Dec/2020:06:51:15] (P): Inserting page: About .
[28/Dec/2020:06:51:15] (S): Done inserting page: About .
[28/Dec/2020:06:51:15] (P): Filtering elementor meta...
[28/Dec/2020:06:51:15] (S): Filtered elementor meta.
[28/Dec/2020:06:51:15] (P): Processing single menu item ' '...
[28/Dec/2020:06:51:15] (S): Processed single menu item.
[28/Dec/2020:06:51:15] (P): Processing single menu item ' '...
[28/Dec/2020:06:51:15] (S): Processed single menu item.
[28/Dec/2020:06:51:15] (P): Processing single menu item ' '...
[28/Dec/2020:06:51:15] (S): Processed single menu item.
[28/Dec/2020:06:51:15] (P): Inserting product: JA Malone .
[28/Dec/2020:06:51:15] (S): Done inserting product: JA Malone .
[28/Dec/2020:06:51:15] (P): Inserting product: Chamel Paris .
[28/Dec/2020:06:51:15] (S): Done inserting product: Chamel Paris .
[28/Dec/2020:06:51:15] (P): Inserting product: Jaguer Red .
[28/Dec/2020:06:51:15] (S): Done inserting product: Jaguer Red .
[28/Dec/2020:06:51:15] (P): Inserting product: Sisi Vetiver .
[28/Dec/2020:06:51:15] (S): Done inserting product: Sisi Vetiver .
[28/Dec/2020:06:51:15] (P): Inserting product: Geo Amani .
[28/Dec/2020:06:51:15] (S): Done inserting product: Geo Amani .
[28/Dec/2020:06:51:15] (P): Inserting post: Chamel Paris Perfume Review .
[28/Dec/2020:06:51:15] (S): Done inserting post: Chamel Paris Perfume Review .
[28/Dec/2020:06:51:15] (P): Inserting post: London Best Perfume Brands .
[28/Dec/2020:06:51:15] (S): Done inserting post: London Best Perfume Brands .
[28/Dec/2020:06:51:15] (P): Inserting post: How to Choose the Right Cologne .
[28/Dec/2020:06:51:15] (S): Done inserting post: How to Choose the Right Cologne .
[28/Dec/2020:06:51:15] (P): Processing single menu item ' Product Page '...
[28/Dec/2020:06:51:15] (P): Inserting product: Daisy Rose .
[28/Dec/2020:06:51:15] (S): Done inserting product: Daisy Rose .
[28/Dec/2020:06:51:15] (P): Inserting product: Malone Nectio .
[28/Dec/2020:06:51:15] (S): Done inserting product: Malone Nectio .
[28/Dec/2020:06:51:15] (P): Inserting product: Chanelle .
[28/Dec/2020:06:51:15] (S): Done inserting product: Chanelle .
[28/Dec/2020:06:51:15] (P): Inserting product: Sio Pink .
[28/Dec/2020:06:51:15] (S): Done inserting product: Sio Pink .
[28/Dec/2020:06:51:16] (P): Inserting product: Lady Blue .
[28/Dec/2020:06:51:16] (S): Done inserting product: Lady Blue .
[28/Dec/2020:06:51:16] (S): Processed posts.
[28/Dec/2020:06:51:16] (P): Processing single menu item ' '...
[28/Dec/2020:06:51:16] (S): Processed single menu item.
[28/Dec/2020:06:51:16] (P): Processing single menu item ' '...
[28/Dec/2020:06:51:16] (S): Processed single menu item.
[28/Dec/2020:06:51:16] (P): Processing single menu item ' Product Page '...
[28/Dec/2020:06:51:16] (S): Processed single menu item.
[28/Dec/2020:06:51:16] (P): Cleaning up import with id ...
[28/Dec/2020:06:51:16] (P): Done cleanup. Flushing cache...
[28/Dec/2020:06:51:16] (P): Flushed cache. Removing temporary data..
[28/Dec/2020:06:51:16] (S): Done importing
[28/Dec/2020:06:51:16] (P): Busting elementor cache
[28/Dec/2020:06:51:16] (S): Front page set up with id: 100.
[28/Dec/2020:06:51:16] (P): Setting up shop page.
[28/Dec/2020:06:51:16] (S): Shop pages set up.
